2015-12-03 17:28:23, INFO, ::1, File[ /Library/WebServer/Documents/damon_cart/upload/catalog/controller/payment/upop.php ], Line[47]------ ============处理前台请求开始=============== 
2015-12-03 17:28:23, INFO, ::1, File[ /Library/WebServer/Documents/damon_cart/upload/catalog/controller/payment/upop.php ], Line[77]------ 前台请求地址为>https://101.231.204.80:5000/gateway/api/frontTransReq.do 
2015-12-03 17:28:23, INFO, ::1, File[ /Library/WebServer/Documents/damon_cart/upload/catalog/controller/payment/upop.php ], Line[84]------ -------前台交易自动提交表单>--begin---- 
2015-12-03 17:28:23, INFO, ::1, File[ /Library/WebServer/Documents/damon_cart/upload/catalog/controller/payment/upop.php ], Line[85]------ <html>
<head>
    <meta http-equiv="Content-Type" content="text/html; charset=utf-8" />
</head>
<body onload="javascript:document.pay_form.submit();">
    <form id="pay_form" name="pay_form" action="https://101.231.204.80:5000/gateway/api/frontTransReq.do" method="post">
	    <input type="hidden" name="version" id="version" value="5.0.0" />
    <input type="hidden" name="encoding" id="encoding" value="utf-8" />
    <input type="hidden" name="certId" id="certId" value="124876885185794726986301355951670452718" />
    <input type="hidden" name="txnType" id="txnType" value="01" />
    <input type="hidden" name="txnSubType" id="txnSubType" value="01" />
    <input type="hidden" name="bizType" id="bizType" value="000201" />
    <input type="hidden" name="frontUrl" id="frontUrl" value="http://localhost/damon_cart/upload/index.php?route=checkout/success" />
    <input type="hidden" name="backUrl" id="backUrl" value="http://localhost/damon_cart/upload/upop/BackReceive.php" />
    <input type="hidden" name="signMethod" id="signMethod" value="01" />
    <input type="hidden" name="channelType" id="channelType" value="08" />
    <input type="hidden" name="accessType" id="accessType" value="0" />
    <input type="hidden" name="merId" id="merId" value="481601511191020" />
    <input type="hidden" name="orderId" id="orderId" value="20151203172823" />
    <input type="hidden" name="txnTime" id="txnTime" value="20151203172823" />
    <input type="hidden" name="txnAmt" id="txnAmt" value="0" />
    <input type="hidden" name="currencyCode" id="currencyCode" value="156" />
    <input type="hidden" name="defaultPayType" id="defaultPayType" value="0001" />
    <input type="hidden" name="reqReserved" id="reqReserved" value="133" />
    <input type="hidden" name="signature" id="signature" value="IyPq5xU5GzPtIr+9aLynecp3ah3NWo/fWR8UP/4Kdq9LslZQXi+zwOtfDeOrSHBJFNs76NOb3bl7ZhLKVnZsYkUuZMIcVyb10sIsMHbM2c4IUqhpqE9+34UUKPc0HJdOoo+QS667HCVFpBv7RWBbXh+vsbuJT2ATtZj18arxx1g=" />
		
	<div class="buttons">
  <div class="pull-right">
    <input type="submit" value="确认订单" id="button-confirm" class="btn btn-primary" />
  </div>
</div>
	
	
    </form>
</body>
</html> 
2015-12-03 17:28:23, INFO, ::1, File[ /Library/WebServer/Documents/damon_cart/upload/catalog/controller/payment/upop.php ], Line[86]------ -------前台交易自动提交表单>--end------- 
2015-12-03 17:28:23, INFO, ::1, File[ /Library/WebServer/Documents/damon_cart/upload/catalog/controller/payment/upop.php ], Line[87]------ ============处理前台请求 结束=========== 
