执行日期：2015-12-28-22：13：42
【接收到的notify通知】:
<xml><appid><![CDATA[wxf5b5e87a6a0fde94]]></appid>
<bank_type><![CDATA[CFT]]></bank_type>
<fee_type><![CDATA[CNY]]></fee_type>
<is_subscribe><![CDATA[N]]></is_subscribe>
<mch_id><![CDATA[10000097]]></mch_id>
<nonce_str><![CDATA[m92hzxx4qg371vdm95sv3i2zh7u9h242]]></nonce_str>
<openid><![CDATA[ozoKAt-MmA74zs7MBafCix6Dg8o0]]></openid>
<out_trade_no><![CDATA[wxf5b5e87a6a0fde941409732994]]></out_trade_no>
<result_code><![CDATA[SUCCESS]]></result_code>
<return_code><![CDATA[SUCCESS]]></return_code>
<sign><![CDATA[1B51E1AA31DB0AB64200E4F75752A610]]></sign>
<sub_mch_id><![CDATA[10000097]]></sub_mch_id>
<time_end><![CDATA[20140903163009]]></time_end>
<total_fee>1</total_fee>
<trade_type><![CDATA[NATIVE]]></trade_type>
<transaction_id><![CDATA[1004400737201409030005093214]]></transaction_id>
</xml>


执行日期：2015-12-28-22：14：23
【接收到的notify通知】:
<xml><appid><![CDATA[wxf5b5e87a6a0fde94]]></appid>
<bank_type><![CDATA[CFT]]></bank_type>
<fee_type><![CDATA[CNY]]></fee_type>
<is_subscribe><![CDATA[N]]></is_subscribe>
<mch_id><![CDATA[10000097]]></mch_id>
<nonce_str><![CDATA[m92hzxx4qg371vdm95sv3i2zh7u9h242]]></nonce_str>
<openid><![CDATA[ozoKAt-MmA74zs7MBafCix6Dg8o0]]></openid>
<out_trade_no><![CDATA[wxf5b5e87a6a0fde941409732994]]></out_trade_no>
<result_code><![CDATA[SUCCESS]]></result_code>
<return_code><![CDATA[SUCCESS]]></return_code>
<sign><![CDATA[1B51E1AA31DB0AB64200E4F75752A610]]></sign>
<sub_mch_id><![CDATA[10000097]]></sub_mch_id>
<time_end><![CDATA[20140903163009]]></time_end>
<total_fee>1</total_fee>
<trade_type><![CDATA[NATIVE]]></trade_type>
<transaction_id><![CDATA[1004400737201409030005093214]]></transaction_id>
</xml>


执行日期：2015-12-28-22：14：29
【接收到的notify通知】:
<xml><appid><![CDATA[wxf5b5e87a6a0fde94]]></appid>
<bank_type><![CDATA[CFT]]></bank_type>
<fee_type><![CDATA[CNY]]></fee_type>
<is_subscribe><![CDATA[N]]></is_subscribe>
<mch_id><![CDATA[10000097]]></mch_id>
<nonce_str><![CDATA[m92hzxx4qg371vdm95sv3i2zh7u9h242]]></nonce_str>
<openid><![CDATA[ozoKAt-MmA74zs7MBafCix6Dg8o0]]></openid>
<out_trade_no><![CDATA[wxf5b5e87a6a0fde941409732994]]></out_trade_no>
<result_code><![CDATA[SUCCESS]]></result_code>
<return_code><![CDATA[SUCCESS]]></return_code>
<sign><![CDATA[1B51E1AA31DB0AB64200E4F75752A610]]></sign>
<sub_mch_id><![CDATA[10000097]]></sub_mch_id>
<time_end><![CDATA[20140903163009]]></time_end>
<total_fee>1</total_fee>
<trade_type><![CDATA[NATIVE]]></trade_type>
<transaction_id><![CDATA[1004400737201409030005093214]]></transaction_id>
</xml>


执行日期：2015-12-28-22：16：24
【接收到的notify通知】:
<xml><appid><![CDATA[wxf5b5e87a6a0fde94]]></appid>
<bank_type><![CDATA[CFT]]></bank_type>
<fee_type><![CDATA[CNY]]></fee_type>
<is_subscribe><![CDATA[N]]></is_subscribe>
<mch_id><![CDATA[10000097]]></mch_id>
<nonce_str><![CDATA[m92hzxx4qg371vdm95sv3i2zh7u9h242]]></nonce_str>
<openid><![CDATA[ozoKAt-MmA74zs7MBafCix6Dg8o0]]></openid>
<out_trade_no><![CDATA[wxf5b5e87a6a0fde941409732994]]></out_trade_no>
<result_code><![CDATA[SUCCESS]]></result_code>
<return_code><![CDATA[SUCCESS]]></return_code>
<sign><![CDATA[1B51E1AA31DB0AB64200E4F75752A610]]></sign>
<sub_mch_id><![CDATA[10000097]]></sub_mch_id>
<time_end><![CDATA[20140903163009]]></time_end>
<total_fee>1</total_fee>
<trade_type><![CDATA[NATIVE]]></trade_type>
<transaction_id><![CDATA[1004400737201409030005093214]]></transaction_id>
</xml>


执行日期：2015-12-28-22：16：58
【接收到的notify通知】:
<xml><appid><![CDATA[wxf5b5e87a6a0fde94]]></appid>
<bank_type><![CDATA[CFT]]></bank_type>
<fee_type><![CDATA[CNY]]></fee_type>
<is_subscribe><![CDATA[N]]></is_subscribe>
<mch_id><![CDATA[10000097]]></mch_id>
<nonce_str><![CDATA[m92hzxx4qg371vdm95sv3i2zh7u9h242]]></nonce_str>
<openid><![CDATA[ozoKAt-MmA74zs7MBafCix6Dg8o0]]></openid>
<out_trade_no><![CDATA[wxf5b5e87a6a0fde941409732994]]></out_trade_no>
<result_code><![CDATA[SUCCESS]]></result_code>
<return_code><![CDATA[SUCCESS]]></return_code>
<sign><![CDATA[1B51E1AA31DB0AB64200E4F75752A610]]></sign>
<sub_mch_id><![CDATA[10000097]]></sub_mch_id>
<time_end><![CDATA[20140903163009]]></time_end>
<total_fee>1</total_fee>
<trade_type><![CDATA[NATIVE]]></trade_type>
<transaction_id><![CDATA[1004400737201409030005093214]]></transaction_id>
</xml>


执行日期：2015-12-28-22：19：40
【接收到的notify通知】:
<xml><appid><![CDATA[wxf5b5e87a6a0fde94]]></appid>
<bank_type><![CDATA[CFT]]></bank_type>
<fee_type><![CDATA[CNY]]></fee_type>
<is_subscribe><![CDATA[N]]></is_subscribe>
<mch_id><![CDATA[10000097]]></mch_id>
<nonce_str><![CDATA[m92hzxx4qg371vdm95sv3i2zh7u9h242]]></nonce_str>
<openid><![CDATA[ozoKAt-MmA74zs7MBafCix6Dg8o0]]></openid>
<out_trade_no><![CDATA[wxf5b5e87a6a0fde941409732994]]></out_trade_no>
<result_code><![CDATA[SUCCESS]]></result_code>
<return_code><![CDATA[SUCCESS]]></return_code>
<sign><![CDATA[1B51E1AA31DB0AB64200E4F75752A610]]></sign>
<sub_mch_id><![CDATA[10000097]]></sub_mch_id>
<time_end><![CDATA[20140903163009]]></time_end>
<total_fee>1</total_fee>
<trade_type><![CDATA[NATIVE]]></trade_type>
<transaction_id><![CDATA[1004400737201409030005093214]]></transaction_id>
</xml>


执行日期：2015-12-28-22：21：04
【接收到的notify通知】:
<xml><appid><![CDATA[wxf5b5e87a6a0fde94]]></appid>
<bank_type><![CDATA[CFT]]></bank_type>
<fee_type><![CDATA[CNY]]></fee_type>
<is_subscribe><![CDATA[N]]></is_subscribe>
<mch_id><![CDATA[10000097]]></mch_id>
<nonce_str><![CDATA[m92hzxx4qg371vdm95sv3i2zh7u9h242]]></nonce_str>
<openid><![CDATA[ozoKAt-MmA74zs7MBafCix6Dg8o0]]></openid>
<out_trade_no><![CDATA[wxf5b5e87a6a0fde941409732994]]></out_trade_no>
<result_code><![CDATA[SUCCESS]]></result_code>
<return_code><![CDATA[SUCCESS]]></return_code>
<sign><![CDATA[1B51E1AA31DB0AB64200E4F75752A610]]></sign>
<sub_mch_id><![CDATA[10000097]]></sub_mch_id>
<time_end><![CDATA[20140903163009]]></time_end>
<total_fee>1</total_fee>
<trade_type><![CDATA[NATIVE]]></trade_type>
<transaction_id><![CDATA[1004400737201409030005093214]]></transaction_id>
</xml>


执行日期：2015-12-28-22：21：46
【接收到的notify通知】:
<xml><appid><![CDATA[wxf5b5e87a6a0fde94]]></appid>
<bank_type><![CDATA[CFT]]></bank_type>
<fee_type><![CDATA[CNY]]></fee_type>
<is_subscribe><![CDATA[N]]></is_subscribe>
<mch_id><![CDATA[10000097]]></mch_id>
<nonce_str><![CDATA[m92hzxx4qg371vdm95sv3i2zh7u9h242]]></nonce_str>
<openid><![CDATA[ozoKAt-MmA74zs7MBafCix6Dg8o0]]></openid>
<out_trade_no><![CDATA[wxf5b5e87a6a0fde941409732994]]></out_trade_no>
<result_code><![CDATA[SUCCESS]]></result_code>
<return_code><![CDATA[SUCCESS]]></return_code>
<sign><![CDATA[1B51E1AA31DB0AB64200E4F75752A610]]></sign>
<sub_mch_id><![CDATA[10000097]]></sub_mch_id>
<time_end><![CDATA[20140903163009]]></time_end>
<total_fee>1</total_fee>
<trade_type><![CDATA[NATIVE]]></trade_type>
<transaction_id><![CDATA[1004400737201409030005093214]]></transaction_id>
</xml>


执行日期：2015-12-28-22：22：45
【接收到的notify通知】:
<xml><appid><![CDATA[wxf5b5e87a6a0fde94]]></appid>
<bank_type><![CDATA[CFT]]></bank_type>
<fee_type><![CDATA[CNY]]></fee_type>
<is_subscribe><![CDATA[N]]></is_subscribe>
<mch_id><![CDATA[10000097]]></mch_id>
<nonce_str><![CDATA[m92hzxx4qg371vdm95sv3i2zh7u9h242]]></nonce_str>
<openid><![CDATA[ozoKAt-MmA74zs7MBafCix6Dg8o0]]></openid>
<out_trade_no><![CDATA[wxf5b5e87a6a0fde941409732994]]></out_trade_no>
<result_code><![CDATA[SUCCESS]]></result_code>
<return_code><![CDATA[SUCCESS]]></return_code>
<sign><![CDATA[1B51E1AA31DB0AB64200E4F75752A610]]></sign>
<sub_mch_id><![CDATA[10000097]]></sub_mch_id>
<time_end><![CDATA[20140903163009]]></time_end>
<total_fee>1</total_fee>
<trade_type><![CDATA[NATIVE]]></trade_type>
<transaction_id><![CDATA[1004400737201409030005093214]]></transaction_id>
</xml>


执行日期：2015-12-28-22：31：57
【接收到的notify通知】:
<xml><appid><![CDATA[wx99610dc3355e3524]]></appid>
<bank_type><![CDATA[CFT]]></bank_type>
<cash_fee><![CDATA[1]]></cash_fee>
<fee_type><![CDATA[CNY]]></fee_type>
<is_subscribe><![CDATA[Y]]></is_subscribe>
<mch_id><![CDATA[1263523401]]></mch_id>
<nonce_str><![CDATA[wtmooo6fvbg4dqebp9xpcjmega7jfvsg]]></nonce_str>
<openid><![CDATA[ok6S_szTaJ0dybtYPcOouUHYmBvk]]></openid>
<out_trade_no><![CDATA[DMG_200GMD]]></out_trade_no>
<result_code><![CDATA[SUCCESS]]></result_code>
<return_code><![CDATA[SUCCESS]]></return_code>
<sign><![CDATA[8968CB189776274956EB6B9F0963AAEC]]></sign>
<time_end><![CDATA[20151228223156]]></time_end>
<total_fee>1</total_fee>
<trade_type><![CDATA[JSAPI]]></trade_type>
<transaction_id><![CDATA[1006800342201512282372361962]]></transaction_id>
</xml>


执行日期：2015-12-28-22：31：57
【支付成功】:
<xml><appid><![CDATA[wx99610dc3355e3524]]></appid>
<bank_type><![CDATA[CFT]]></bank_type>
<cash_fee><![CDATA[1]]></cash_fee>
<fee_type><![CDATA[CNY]]></fee_type>
<is_subscribe><![CDATA[Y]]></is_subscribe>
<mch_id><![CDATA[1263523401]]></mch_id>
<nonce_str><![CDATA[wtmooo6fvbg4dqebp9xpcjmega7jfvsg]]></nonce_str>
<openid><![CDATA[ok6S_szTaJ0dybtYPcOouUHYmBvk]]></openid>
<out_trade_no><![CDATA[DMG_200GMD]]></out_trade_no>
<result_code><![CDATA[SUCCESS]]></result_code>
<return_code><![CDATA[SUCCESS]]></return_code>
<sign><![CDATA[8968CB189776274956EB6B9F0963AAEC]]></sign>
<time_end><![CDATA[20151228223156]]></time_end>
<total_fee>1</total_fee>
<trade_type><![CDATA[JSAPI]]></trade_type>
<transaction_id><![CDATA[1006800342201512282372361962]]></transaction_id>
</xml>


执行日期：2015-12-28-22：35：56
【接收到的notify通知】:
<xml><appid><![CDATA[wx99610dc3355e3524]]></appid>
<bank_type><![CDATA[CFT]]></bank_type>
<cash_fee><![CDATA[1]]></cash_fee>
<fee_type><![CDATA[CNY]]></fee_type>
<is_subscribe><![CDATA[Y]]></is_subscribe>
<mch_id><![CDATA[1263523401]]></mch_id>
<nonce_str><![CDATA[ja0e2fch0zcq9l7dg78oe9ym10j0jbl0]]></nonce_str>
<openid><![CDATA[ok6S_szTaJ0dybtYPcOouUHYmBvk]]></openid>
<out_trade_no><![CDATA[DMG_199GMD]]></out_trade_no>
<result_code><![CDATA[SUCCESS]]></result_code>
<return_code><![CDATA[SUCCESS]]></return_code>
<sign><![CDATA[33B67EC8AAFC60B3AC60164FDB2505F1]]></sign>
<time_end><![CDATA[20151228220149]]></time_end>
<total_fee>1</total_fee>
<trade_type><![CDATA[JSAPI]]></trade_type>
<transaction_id><![CDATA[1006800342201512282371932636]]></transaction_id>
</xml>


执行日期：2015-12-28-22：35：56
【支付成功】:
<xml><appid><![CDATA[wx99610dc3355e3524]]></appid>
<bank_type><![CDATA[CFT]]></bank_type>
<cash_fee><![CDATA[1]]></cash_fee>
<fee_type><![CDATA[CNY]]></fee_type>
<is_subscribe><![CDATA[Y]]></is_subscribe>
<mch_id><![CDATA[1263523401]]></mch_id>
<nonce_str><![CDATA[ja0e2fch0zcq9l7dg78oe9ym10j0jbl0]]></nonce_str>
<openid><![CDATA[ok6S_szTaJ0dybtYPcOouUHYmBvk]]></openid>
<out_trade_no><![CDATA[DMG_199GMD]]></out_trade_no>
<result_code><![CDATA[SUCCESS]]></result_code>
<return_code><![CDATA[SUCCESS]]></return_code>
<sign><![CDATA[33B67EC8AAFC60B3AC60164FDB2505F1]]></sign>
<time_end><![CDATA[20151228220149]]></time_end>
<total_fee>1</total_fee>
<trade_type><![CDATA[JSAPI]]></trade_type>
<transaction_id><![CDATA[1006800342201512282371932636]]></transaction_id>
</xml>


执行日期：2015-12-28-22：37：53
【接收到的notify通知】:
<xml><appid><![CDATA[wx99610dc3355e3524]]></appid>
<bank_type><![CDATA[CFT]]></bank_type>
<cash_fee><![CDATA[1]]></cash_fee>
<fee_type><![CDATA[CNY]]></fee_type>
<is_subscribe><![CDATA[Y]]></is_subscribe>
<mch_id><![CDATA[1263523401]]></mch_id>
<nonce_str><![CDATA[5qxzusrb2jzj7d4qsqflacogwyrsvnfc]]></nonce_str>
<openid><![CDATA[ok6S_szTaJ0dybtYPcOouUHYmBvk]]></openid>
<out_trade_no><![CDATA[DMG_201GMD]]></out_trade_no>
<result_code><![CDATA[SUCCESS]]></result_code>
<return_code><![CDATA[SUCCESS]]></return_code>
<sign><![CDATA[8EF1814FF7A3FCB587674094FE54467D]]></sign>
<time_end><![CDATA[20151228223753]]></time_end>
<total_fee>1</total_fee>
<trade_type><![CDATA[JSAPI]]></trade_type>
<transaction_id><![CDATA[1006800342201512282372447351]]></transaction_id>
</xml>


执行日期：2015-12-28-22：37：53
【支付成功】:
<xml><appid><![CDATA[wx99610dc3355e3524]]></appid>
<bank_type><![CDATA[CFT]]></bank_type>
<cash_fee><![CDATA[1]]></cash_fee>
<fee_type><![CDATA[CNY]]></fee_type>
<is_subscribe><![CDATA[Y]]></is_subscribe>
<mch_id><![CDATA[1263523401]]></mch_id>
<nonce_str><![CDATA[5qxzusrb2jzj7d4qsqflacogwyrsvnfc]]></nonce_str>
<openid><![CDATA[ok6S_szTaJ0dybtYPcOouUHYmBvk]]></openid>
<out_trade_no><![CDATA[DMG_201GMD]]></out_trade_no>
<result_code><![CDATA[SUCCESS]]></result_code>
<return_code><![CDATA[SUCCESS]]></return_code>
<sign><![CDATA[8EF1814FF7A3FCB587674094FE54467D]]></sign>
<time_end><![CDATA[20151228223753]]></time_end>
<total_fee>1</total_fee>
<trade_type><![CDATA[JSAPI]]></trade_type>
<transaction_id><![CDATA[1006800342201512282372447351]]></transaction_id>
</xml>


执行日期：2015-12-28-22：46：47
【接收到的notify通知】:
<xml><appid><![CDATA[wx99610dc3355e3524]]></appid>
<bank_type><![CDATA[CFT]]></bank_type>
<cash_fee><![CDATA[1]]></cash_fee>
<fee_type><![CDATA[CNY]]></fee_type>
<is_subscribe><![CDATA[Y]]></is_subscribe>
<mch_id><![CDATA[1263523401]]></mch_id>
<nonce_str><![CDATA[5sc5o8z4z2w2jooqyn52j3hkla6eadsa]]></nonce_str>
<openid><![CDATA[ok6S_szTaJ0dybtYPcOouUHYmBvk]]></openid>
<out_trade_no><![CDATA[DMG_202_GMD]]></out_trade_no>
<result_code><![CDATA[SUCCESS]]></result_code>
<return_code><![CDATA[SUCCESS]]></return_code>
<sign><![CDATA[BE4FF2E6E253620E25FD1CE939D21825]]></sign>
<time_end><![CDATA[20151228224646]]></time_end>
<total_fee>1</total_fee>
<trade_type><![CDATA[JSAPI]]></trade_type>
<transaction_id><![CDATA[1006800342201512282372565592]]></transaction_id>
</xml>


执行日期：2015-12-28-22：46：47
【支付成功】:
<xml><appid><![CDATA[wx99610dc3355e3524]]></appid>
<bank_type><![CDATA[CFT]]></bank_type>
<cash_fee><![CDATA[1]]></cash_fee>
<fee_type><![CDATA[CNY]]></fee_type>
<is_subscribe><![CDATA[Y]]></is_subscribe>
<mch_id><![CDATA[1263523401]]></mch_id>
<nonce_str><![CDATA[5sc5o8z4z2w2jooqyn52j3hkla6eadsa]]></nonce_str>
<openid><![CDATA[ok6S_szTaJ0dybtYPcOouUHYmBvk]]></openid>
<out_trade_no><![CDATA[DMG_202_GMD]]></out_trade_no>
<result_code><![CDATA[SUCCESS]]></result_code>
<return_code><![CDATA[SUCCESS]]></return_code>
<sign><![CDATA[BE4FF2E6E253620E25FD1CE939D21825]]></sign>
<time_end><![CDATA[20151228224646]]></time_end>
<total_fee>1</total_fee>
<trade_type><![CDATA[JSAPI]]></trade_type>
<transaction_id><![CDATA[1006800342201512282372565592]]></transaction_id>
</xml>


执行日期：2015-12-29-11：10：33
【接收到的notify通知】:
<xml><appid><![CDATA[wx99610dc3355e3524]]></appid>
<bank_type><![CDATA[CFT]]></bank_type>
<cash_fee><![CDATA[1]]></cash_fee>
<fee_type><![CDATA[CNY]]></fee_type>
<is_subscribe><![CDATA[Y]]></is_subscribe>
<mch_id><![CDATA[1263523401]]></mch_id>
<nonce_str><![CDATA[8silg5a1sywdzaw6az3xvcy0ajx2kmia]]></nonce_str>
<openid><![CDATA[ok6S_szTaJ0dybtYPcOouUHYmBvk]]></openid>
<out_trade_no><![CDATA[DMG_203_GMD]]></out_trade_no>
<result_code><![CDATA[SUCCESS]]></result_code>
<return_code><![CDATA[SUCCESS]]></return_code>
<sign><![CDATA[E47BDC1C5A7F613D8985CEFAAD5AD0F0]]></sign>
<time_end><![CDATA[20151229111032]]></time_end>
<total_fee>1</total_fee>
<trade_type><![CDATA[JSAPI]]></trade_type>
<transaction_id><![CDATA[1006800342201512292377451739]]></transaction_id>
</xml>


执行日期：2015-12-29-11：10：33
【支付成功】:
<xml><appid><![CDATA[wx99610dc3355e3524]]></appid>
<bank_type><![CDATA[CFT]]></bank_type>
<cash_fee><![CDATA[1]]></cash_fee>
<fee_type><![CDATA[CNY]]></fee_type>
<is_subscribe><![CDATA[Y]]></is_subscribe>
<mch_id><![CDATA[1263523401]]></mch_id>
<nonce_str><![CDATA[8silg5a1sywdzaw6az3xvcy0ajx2kmia]]></nonce_str>
<openid><![CDATA[ok6S_szTaJ0dybtYPcOouUHYmBvk]]></openid>
<out_trade_no><![CDATA[DMG_203_GMD]]></out_trade_no>
<result_code><![CDATA[SUCCESS]]></result_code>
<return_code><![CDATA[SUCCESS]]></return_code>
<sign><![CDATA[E47BDC1C5A7F613D8985CEFAAD5AD0F0]]></sign>
<time_end><![CDATA[20151229111032]]></time_end>
<total_fee>1</total_fee>
<trade_type><![CDATA[JSAPI]]></trade_type>
<transaction_id><![CDATA[1006800342201512292377451739]]></transaction_id>
</xml>


执行日期：2015-12-30-14：53：50
【接收到的notify通知】:
<xml><appid><![CDATA[wx99610dc3355e3524]]></appid>
<bank_type><![CDATA[CFT]]></bank_type>
<cash_fee><![CDATA[1]]></cash_fee>
<fee_type><![CDATA[CNY]]></fee_type>
<is_subscribe><![CDATA[Y]]></is_subscribe>
<mch_id><![CDATA[1263523401]]></mch_id>
<nonce_str><![CDATA[vlq224e2m6o94yin6z1t9r8pvb5zjxix]]></nonce_str>
<openid><![CDATA[ok6S_szTaJ0dybtYPcOouUHYmBvk]]></openid>
<out_trade_no><![CDATA[DMG_205_GMD]]></out_trade_no>
<result_code><![CDATA[SUCCESS]]></result_code>
<return_code><![CDATA[SUCCESS]]></return_code>
<sign><![CDATA[C74DB9A25B6AC12208C51CD7D7C79100]]></sign>
<time_end><![CDATA[20151230145349]]></time_end>
<total_fee>1</total_fee>
<trade_type><![CDATA[JSAPI]]></trade_type>
<transaction_id><![CDATA[1006800342201512302401095054]]></transaction_id>
</xml>


执行日期：2015-12-30-14：53：50
【支付成功】:
<xml><appid><![CDATA[wx99610dc3355e3524]]></appid>
<bank_type><![CDATA[CFT]]></bank_type>
<cash_fee><![CDATA[1]]></cash_fee>
<fee_type><![CDATA[CNY]]></fee_type>
<is_subscribe><![CDATA[Y]]></is_subscribe>
<mch_id><![CDATA[1263523401]]></mch_id>
<nonce_str><![CDATA[vlq224e2m6o94yin6z1t9r8pvb5zjxix]]></nonce_str>
<openid><![CDATA[ok6S_szTaJ0dybtYPcOouUHYmBvk]]></openid>
<out_trade_no><![CDATA[DMG_205_GMD]]></out_trade_no>
<result_code><![CDATA[SUCCESS]]></result_code>
<return_code><![CDATA[SUCCESS]]></return_code>
<sign><![CDATA[C74DB9A25B6AC12208C51CD7D7C79100]]></sign>
<time_end><![CDATA[20151230145349]]></time_end>
<total_fee>1</total_fee>
<trade_type><![CDATA[JSAPI]]></trade_type>
<transaction_id><![CDATA[1006800342201512302401095054]]></transaction_id>
</xml>


执行日期：2016-01-06-17：31：02
【接收到的notify通知】:
<xml><appid><![CDATA[wx99610dc3355e3524]]></appid>
<bank_type><![CDATA[CFT]]></bank_type>
<cash_fee><![CDATA[25]]></cash_fee>
<fee_type><![CDATA[CNY]]></fee_type>
<is_subscribe><![CDATA[Y]]></is_subscribe>
<mch_id><![CDATA[1263523401]]></mch_id>
<nonce_str><![CDATA[ql6qz25x8p7s5hektpm8wq3mzf2p4gjg]]></nonce_str>
<openid><![CDATA[ok6S_szTaJ0dybtYPcOouUHYmBvk]]></openid>
<out_trade_no><![CDATA[DMG_214_GMD]]></out_trade_no>
<result_code><![CDATA[SUCCESS]]></result_code>
<return_code><![CDATA[SUCCESS]]></return_code>
<sign><![CDATA[039235CD246F2F1338301A37A9797D3F]]></sign>
<time_end><![CDATA[20160106173101]]></time_end>
<total_fee>25</total_fee>
<trade_type><![CDATA[JSAPI]]></trade_type>
<transaction_id><![CDATA[1006800342201601062542484864]]></transaction_id>
</xml>


执行日期：2016-01-06-17：31：02
【支付成功】:
<xml><appid><![CDATA[wx99610dc3355e3524]]></appid>
<bank_type><![CDATA[CFT]]></bank_type>
<cash_fee><![CDATA[25]]></cash_fee>
<fee_type><![CDATA[CNY]]></fee_type>
<is_subscribe><![CDATA[Y]]></is_subscribe>
<mch_id><![CDATA[1263523401]]></mch_id>
<nonce_str><![CDATA[ql6qz25x8p7s5hektpm8wq3mzf2p4gjg]]></nonce_str>
<openid><![CDATA[ok6S_szTaJ0dybtYPcOouUHYmBvk]]></openid>
<out_trade_no><![CDATA[DMG_214_GMD]]></out_trade_no>
<result_code><![CDATA[SUCCESS]]></result_code>
<return_code><![CDATA[SUCCESS]]></return_code>
<sign><![CDATA[039235CD246F2F1338301A37A9797D3F]]></sign>
<time_end><![CDATA[20160106173101]]></time_end>
<total_fee>25</total_fee>
<trade_type><![CDATA[JSAPI]]></trade_type>
<transaction_id><![CDATA[1006800342201601062542484864]]></transaction_id>
</xml>


执行日期：2016-01-12-16：15：25
【接收到的notify通知】:
<xml><appid><![CDATA[wx99610dc3355e3524]]></appid>
<bank_type><![CDATA[CFT]]></bank_type>
<cash_fee><![CDATA[236]]></cash_fee>
<fee_type><![CDATA[CNY]]></fee_type>
<is_subscribe><![CDATA[Y]]></is_subscribe>
<mch_id><![CDATA[1263523401]]></mch_id>
<nonce_str><![CDATA[ru9qtehbpk369iv13pieodgog0w8lor5]]></nonce_str>
<openid><![CDATA[ok6S_szTaJ0dybtYPcOouUHYmBvk]]></openid>
<out_trade_no><![CDATA[DMG_221_GMD]]></out_trade_no>
<result_code><![CDATA[SUCCESS]]></result_code>
<return_code><![CDATA[SUCCESS]]></return_code>
<sign><![CDATA[CA62C3CF0EC7DDEA85F5391A14FDF5BE]]></sign>
<time_end><![CDATA[20160112161525]]></time_end>
<total_fee>236</total_fee>
<trade_type><![CDATA[JSAPI]]></trade_type>
<transaction_id><![CDATA[1006800342201601122658240118]]></transaction_id>
</xml>


执行日期：2016-01-12-16：15：25
【支付成功】:
<xml><appid><![CDATA[wx99610dc3355e3524]]></appid>
<bank_type><![CDATA[CFT]]></bank_type>
<cash_fee><![CDATA[236]]></cash_fee>
<fee_type><![CDATA[CNY]]></fee_type>
<is_subscribe><![CDATA[Y]]></is_subscribe>
<mch_id><![CDATA[1263523401]]></mch_id>
<nonce_str><![CDATA[ru9qtehbpk369iv13pieodgog0w8lor5]]></nonce_str>
<openid><![CDATA[ok6S_szTaJ0dybtYPcOouUHYmBvk]]></openid>
<out_trade_no><![CDATA[DMG_221_GMD]]></out_trade_no>
<result_code><![CDATA[SUCCESS]]></result_code>
<return_code><![CDATA[SUCCESS]]></return_code>
<sign><![CDATA[CA62C3CF0EC7DDEA85F5391A14FDF5BE]]></sign>
<time_end><![CDATA[20160112161525]]></time_end>
<total_fee>236</total_fee>
<trade_type><![CDATA[JSAPI]]></trade_type>
<transaction_id><![CDATA[1006800342201601122658240118]]></transaction_id>
</xml>


